Build started 20-Oct-18 8:29:22 PM.
     1>Project "C:\Users\krish\Desktop\Projects\mappy\mappy\mappy.vcxproj" on node 2 (build target(s)).
     1>InitializeBuildStatus:
         Creating "Debug\mappy.unsuccessfulbuild" because "AlwaysCreate" was specified.
       ClCompile:
         C:\Program Files (x86)\Microsoft Visual Studio 10.0\VC\bin\CL.exe /c /ZI /nologo /W3 /WX- /Od /Oy- /D _MBCS /Gm /EHsc /RTC1 /MDd /GS /fp:precise /Zc:wchar_t /Zc:forScope /Fo"Debug\\" /Fd"Debug\vc100.pdb" /Gd /TP /analyze- /errorReport:prompt mappy.cpp
         mappy.cpp
         All outputs are up-to-date.
       Link:
         C:\Program Files (x86)\Microsoft Visual Studio 10.0\VC\bin\link.exe /ERRORREPORT:PROMPT /OUT:"C:\Users\krish\Desktop\Projects\mappy\Debug\mappy.exe" /NOLOGO "allegro-5.0.10-monolith-md-debug.lib" kernel32.lib user32.lib gdi32.lib winspool.lib comdlg32.lib advapi32.lib shell32.lib ole32.lib oleaut32.lib uuid.lib odbc32.lib odbccp32.lib /MANIFEST /ManifestFile:"Debug\mappy.exe.intermediate.manifest" /MANIFESTUAC:"level='asInvoker' uiAccess='false'" /DEBUG /PDB:"C:\Users\krish\Desktop\Projects\mappy\Debug\mappy.pdb" /TLBID:1 /DYNAMICBASE /NXCOMPAT /IMPLIB:"C:\Users\krish\Desktop\Projects\mappy\Debug\mappy.lib" /MACHINE:X86 Debug\mappy.obj
         Debug\mappy_A5.obj
         LINK : C:\Users\krish\Desktop\Projects\mappy\Debug\mappy.exe not found or not built by the last incremental link; performing full link
         mappy.vcxproj -> C:\Users\krish\Desktop\Projects\mappy\Debug\mappy.exe
       Manifest:
         C:\Program Files (x86)\Microsoft SDKs\Windows\v7.0A\bin\mt.exe /nologo /verbose /outputresource:"C:\Users\krish\Desktop\Projects\mappy\Debug\mappy.exe;#1" /manifest Debug\mappy.exe.intermediate.manifest
       FinalizeBuildStatus:
         Deleting file "Debug\mappy.unsuccessfulbuild".
         Touching "Debug\mappy.lastbuildstate".
     1>Done Building Project "C:\Users\krish\Desktop\Projects\mappy\mappy\mappy.vcxproj" (build target(s)).

Build succeeded.

Time Elapsed 00:00:01.79
