Build started 13-Aug-2019 8:54:42 PM.
     1>Project "C:\Users\ARJUN ASHOK\Desktop\Code\Mario Project in visual C++\mario\mario.vcxproj" on node 2 (build target(s)).
     1>InitializeBuildStatus:
         Creating "Debug\mario.unsuccessfulbuild" because "AlwaysCreate" was specified.
       ClCompile:
         C:\Program Files (x86)\Microsoft Visual Studio 10.0\VC\bin\CL.exe /c /ZI /nologo /W3 /WX- /Od /Oy- /D _MBCS /Gm /EHsc /RTC1 /MDd /GS /fp:precise /Zc:wchar_t /Zc:forScope /Fo"Debug\\" /Fd"Debug\vc100.pdb" /Gd /TP /analyze- /errorReport:prompt main.cpp
         main.cpp
     1>c:\users\arjun ashok\desktop\code\mario project in visual c++\mario\main.cpp(94): warning C4996: 'fopen': This function or variable may be unsafe. Consider using fopen_s instead. To disable deprecation, use _CRT_SECURE_NO_WARNINGS. See online help for details.
                 c:\program files (x86)\microsoft visual studio 10.0\vc\include\stdio.h(234) : see declaration of 'fopen'
     1>c:\users\arjun ashok\desktop\code\mario project in visual c++\mario\main.cpp(95): warning C4996: 'fscanf': This function or variable may be unsafe. Consider using fscanf_s instead. To disable deprecation, use _CRT_SECURE_NO_WARNINGS. See online help for details.
                 c:\program files (x86)\microsoft visual studio 10.0\vc\include\stdio.h(253) : see declaration of 'fscanf'
     1>c:\users\arjun ashok\desktop\code\mario project in visual c++\mario\main.cpp(519): warning C4715: 'checkifground' : not all control paths return a value
       Link:
         C:\Program Files (x86)\Microsoft Visual Studio 10.0\VC\bin\link.exe /ERRORREPORT:PROMPT /OUT:"C:\Users\ARJUN ASHOK\Desktop\Code\Mario Project in visual C++\Debug\mario.exe" /NOLOGO "allegro-5.0.10-monolith-md-debug.lib" kernel32.lib user32.lib gdi32.lib winspool.lib comdlg32.lib advapi32.lib shell32.lib ole32.lib oleaut32.lib uuid.lib odbc32.lib odbccp32.lib /MANIFEST /ManifestFile:"Debug\mario.exe.intermediate.manifest" /MANIFESTUAC:"level='asInvoker' uiAccess='false'" /DEBUG /PDB:"C:\Users\ARJUN ASHOK\Desktop\Code\Mario Project in visual C++\Debug\mario.pdb" /TLBID:1 /DYNAMICBASE /NXCOMPAT /IMPLIB:"C:\Users\ARJUN ASHOK\Desktop\Code\Mario Project in visual C++\Debug\mario.lib" /MACHINE:X86 Debug\main.obj
         LINK : C:\Users\ARJUN ASHOK\Desktop\Code\Mario Project in visual C++\Debug\mario.exe not found or not built by the last incremental link; performing full link
         mario.vcxproj -> C:\Users\ARJUN ASHOK\Desktop\Code\Mario Project in visual C++\Debug\mario.exe
       Manifest:
         C:\Program Files (x86)\Microsoft SDKs\Windows\v7.0A\bin\mt.exe /nologo /verbose /outputresource:"C:\Users\ARJUN ASHOK\Desktop\Code\Mario Project in visual C++\Debug\mario.exe;#1" /manifest Debug\mario.exe.intermediate.manifest
       FinalizeBuildStatus:
         Deleting file "Debug\mario.unsuccessfulbuild".
         Touching "Debug\mario.lastbuildstate".
     1>Done Building Project "C:\Users\ARJUN ASHOK\Desktop\Code\Mario Project in visual C++\mario\mario.vcxproj" (build target(s)).

Build succeeded.

Time Elapsed 00:00:02.08
